<?xml version="1.0" encoding="UTF-8"?>
<!-- Generated by org.testng.reporters.JUnitReportReporter -->
<testsuite skipped="3" hostname="khichu" name="com.automation.test.LoginTest" tests="4" failures="0" timestamp="27 Feb 2021 18:35:57 GMT" time="5.341" errors="0">
  <testcase name="verifyErrorMsgForForgetPasswordIncorrectUser" time="5.341" classname="com.automation.test.LoginTest"/>
  <testcase name="verifyLoginUnSuccessfulWithBlankCred" classname="com.automation.test.LoginTest">
    <skipped/>
  </testcase> <!-- verifyLoginUnSuccessfulWithBlankCred -->
  <testcase name="verifyLoginSuccessfulWithValidCred" classname="com.automation.test.LoginTest">
    <skipped/>
  </testcase> <!-- verifyLoginSuccessfulWithValidCred -->
  <testcase name="verifyLoginUnSuccessfulWithInValidCred" classname="com.automation.test.LoginTest">
    <skipped/>
  </testcase> <!-- verifyLoginUnSuccessfulWithInValidCred -->
</testsuite> <!-- com.automation.test.LoginTest -->
